<?xml version="1.0" encoding="UTF-8"?>
<!-- Generated by org.testng.reporters.JUnitReportReporter -->
<testsuite skipped="0" hostname="DESKTOP-NN0TL6E" name="Login_Pg.Login_TC" tests="1" failures="0" timestamp="17 Jun 2020 17:20:39 GMT" time="16.727" errors="0">
  <testcase name="TC_LoginPg" time="16.727" classname="Login_Pg.Login_TC"/>
</testsuite> <!-- Login_Pg.Login_TC -->
